\BOOKMARK [1][-]{section.1}{\376\377\000I\000n\000t\000r\000o\000d\000u\000c\000t\000i\000o\000n}{}% 1
\BOOKMARK [1][-]{section.2}{\376\377\000R\000e\000l\000a\000t\000e\000d\000\040\000W\000o\000r\000k}{}% 2
\BOOKMARK [1][-]{section.3}{\376\377\000S\000y\000s\000t\000e\000m\000\040\000A\000r\000c\000h\000i\000t\000e\000c\000t\000u\000r\000e}{}% 3
\BOOKMARK [2][-]{subsection.3.1}{\376\377\000R\000L\000\040\000F\000r\000a\000m\000e\000w\000o\000r\000k}{section.3}% 4
\BOOKMARK [2][-]{subsection.3.2}{\376\377\000T\000o\000o\000l\000-\000E\000v\000o\000l\000v\000i\000n\000g\000\040\000L\000L\000M\000\040\000A\000g\000e\000n\000t}{section.3}% 5
\BOOKMARK [2][-]{subsection.3.3}{\376\377\000C\000o\000n\000t\000r\000o\000l\000l\000e\000r\000\040\000a\000n\000d\000\040\000G\000a\000m\000e\000\040\000E\000n\000v\000i\000r\000o\000n\000m\000e\000n\000t}{section.3}% 6
\BOOKMARK [2][-]{subsection.3.4}{\376\377\000T\000a\000s\000k\000\040\000P\000r\000o\000p\000o\000s\000a\000l\000\040\000L\000o\000o\000p}{section.3}% 7
\BOOKMARK [1][-]{section.4}{\376\377\000E\000x\000p\000e\000r\000i\000m\000e\000n\000t\000s}{}% 8
\BOOKMARK [2][-]{subsection.4.1}{\376\377\000S\000o\000k\000o\000b\000a\000n\000\040\000B\000e\000n\000c\000h\000m\000a\000r\000k}{section.4}% 9
\BOOKMARK [3][-]{subsubsection.4.1.1}{\376\377\000A\000*\000\040\000H\000e\000u\000r\000i\000s\000t\000i\000c\000\040\000O\000p\000t\000i\000m\000i\000z\000a\000t\000i\000o\000n}{subsection.4.1}% 10
\BOOKMARK [3][-]{subsubsection.4.1.2}{\376\377\000R\000e\000s\000u\000l\000t\000s\000\040\000a\000n\000d\000\040\000G\000e\000n\000e\000r\000a\000l\000i\000z\000a\000t\000i\000o\000n}{subsection.4.1}% 11
\BOOKMARK [2][-]{subsection.4.2}{\376\377\000T\000e\000x\000t\000W\000o\000r\000l\000d\000\040\000B\000e\000n\000c\000h\000m\000a\000r\000k}{section.4}% 12
\BOOKMARK [3][-]{subsubsection.4.2.1}{\376\377\000M\000C\000T\000S\000\040\000H\000e\000u\000r\000i\000s\000t\000i\000c\000\040\000O\000p\000t\000i\000m\000i\000z\000a\000t\000i\000o\000n}{subsection.4.2}% 13
\BOOKMARK [3][-]{subsubsection.4.2.2}{\376\377\000R\000e\000s\000u\000l\000t\000s\000\040\000a\000n\000d\000\040\000G\000e\000n\000e\000r\000a\000l\000i\000z\000a\000t\000i\000o\000n}{subsection.4.2}% 14
\BOOKMARK [2][-]{subsection.4.3}{\376\377\000H\000e\000u\000r\000i\000s\000t\000i\000c\000\040\000G\000e\000n\000e\000r\000a\000l\000i\000z\000a\000b\000i\000l\000i\000t\000y}{section.4}% 15
\BOOKMARK [2][-]{subsection.4.4}{\376\377\000Z\000o\000r\000k\000\040\000B\000e\000n\000c\000h\000m\000a\000r\000k}{section.4}% 16
\BOOKMARK [1][-]{section.5}{\376\377\000L\000i\000m\000i\000t\000a\000t\000i\000o\000n\000s}{}% 17
\BOOKMARK [1][-]{section.6}{\376\377\000F\000u\000t\000u\000r\000e\000\040\000W\000o\000r\000k}{}% 18
\BOOKMARK [1][-]{appendix.A}{\376\377\000T\000e\000c\000h\000n\000i\000c\000a\000l\000\040\000A\000p\000p\000e\000n\000d\000i\000x}{}% 19
\BOOKMARK [2][-]{subsection.A.1}{\376\377\000D\000e\000t\000a\000i\000l\000e\000d\000\040\000R\000e\000l\000a\000t\000e\000d\000\040\000W\000o\000r\000k}{appendix.A}% 20
\BOOKMARK [2][-]{subsection.A.2}{\376\377\000T\000e\000x\000t\000W\000o\000r\000l\000d\000\040\000e\000v\000a\000l\000u\000a\000t\000i\000o\000n\000\040\000s\000e\000t\000u\000p}{appendix.A}% 21
\BOOKMARK [2][-]{subsection.A.3}{\376\377\000M\000C\000T\000S\000\040\000h\000e\000u\000r\000i\000s\000t\000i\000c\000\040\000s\000l\000o\000t\000s\000\040\000\050\000S\000e\000l\000e\000c\000t\000i\000o\000n\000\040\000a\000n\000d\000\040\000S\000i\000m\000u\000l\000a\000t\000i\000o\000n\000\051}{appendix.A}% 22
\BOOKMARK [2][-]{subsection.A.4}{\376\377\000A\000l\000g\000o\000r\000i\000t\000h\000m\000s}{appendix.A}% 23
\BOOKMARK [2][-]{subsection.A.5}{\376\377\000T\000e\000x\000t\000W\000o\000r\000l\000d\000\040\000q\000u\000a\000l\000i\000t\000a\000t\000i\000v\000e\000\040\000t\000r\000a\000j\000e\000c\000t\000o\000r\000i\000e\000s}{appendix.A}% 24
\BOOKMARK [2][-]{subsection.A.6}{\376\377\000T\000e\000x\000t\000W\000o\000r\000l\000d\000\040\000a\000b\000l\000a\000t\000i\000o\000n\000s\000:\000\040\000f\000u\000l\000l\000\040\000c\000o\000m\000b\000i\000n\000a\000t\000i\000o\000n\000\040\000r\000e\000s\000u\000l\000t\000s}{appendix.A}% 25
\BOOKMARK [2][-]{subsection.A.7}{\376\377\000G\000e\000n\000e\000r\000a\000l\000i\000z\000a\000t\000i\000o\000n\000\040\000t\000e\000s\000t\000\040\000c\000o\000m\000p\000a\000r\000e\000d\000\040\000w\000i\000t\000h\000\040\000D\000Q\000N}{appendix.A}% 26
\BOOKMARK [2][-]{subsection.A.8}{\376\377\000C\000o\000m\000p\000a\000r\000i\000s\000o\000n\000\040\000w\000i\000t\000h\000\040\000b\000a\000s\000e\000l\000i\000n\000e\000\040\000o\000n\000\040\000Z\000o\000r\000k}{appendix.A}% 27
